<?xml version="1.0" encoding="UTF-8"?>
<testsuite xmlns:xsi="http://www.w3.org/2001/XMLSchema-instance" xsi:schemaLocation="https://maven.apache.org/surefire/maven-surefire-plugin/xsd/surefire-test-report.xsd" name="runner.RunnerTest" time="51.222" tests="33" errors="0" skipped="0" failures="0">
  <properties>
[...]
</properties>
  <testcase name="Given POST - A user want to add a item" classname="Scenario: A user are on Agapito Software Testing page" time="0.007"/>
  <testcase name="And The user click on menu &quot;processos&quot;" classname="Scenario: A user are on Agapito Software Testing page" time="0"/>
  <testcase name="And The user click on menu &quot;processos&quot;" classname="Scenario: A user are on Agapito Software Testing page" time="0"/>
  <testcase name="And The user click on menu &quot;processos&quot;" classname="Scenario: A user are on Agapito Software Testing page" time="0"/>
  <testcase name="And The user click on menu &quot;processos&quot;" classname="Scenario: A user are on Agapito Software Testing page" time="0"/>
  <testcase name="And The user click on button novo processo" classname="Scenario: A user are on Agapito Software Testing page" time="0"/>
  <testcase name="And The user click on field &quot;processo_vara&quot; and set value &quot;1&quot;" classname="Scenario: A user are on Agapito Software Testing page" time="0.001"/>
  <testcase name="And The user click on field &quot;processo_numero_processo&quot; and set value &quot;12314&quot;" classname="Scenario: A user are on Agapito Software Testing page" time="0"/>
  <testcase name="And The user click on field &quot;processo_natureza&quot; and set value &quot;Guarda&quot;" classname="Scenario: A user are on Agapito Software Testing page" time="0"/>
  <testcase name="And The user click on field &quot;processo_data_entrada&quot; and set value &quot;04/03/2020&quot;" classname="Scenario: A user are on Agapito Software Testing page" time="0"/>
  <testcase name="And The user click on field &quot;processo_assistente_social&quot; and set value &quot;assistente&quot;" classname="Scenario: A user are on Agapito Software Testing page" time="0"/>
  <testcase name="And The user click on field &quot;processo_data_agendamento&quot; and set value &quot;Agendado&quot;" classname="Scenario: A user are on Agapito Software Testing page" time="0"/>
  <testcase name="And The user click on field &quot;processo_partes&quot; and set value &quot;Joao X Maria&quot;" classname="Scenario: A user are on Agapito Software Testing page" time="0"/>
  <testcase name="And The user click on field &quot;processo_status&quot; and set value &quot;inicial&quot;" classname="Scenario: A user are on Agapito Software Testing page" time="0"/>
  <testcase name="And The user select &quot;Sim&quot; value on urgente field" classname="Scenario: A user are on Agapito Software Testing page" time="0"/>
  <testcase name="And The user click &quot;Sim&quot; radio button" classname="Scenario: A user are on Agapito Software Testing page" time="0"/>
  <testcase name="And The user click on field &quot;processo_observacao&quot; and set value &quot;processo observacao&quot;" classname="Scenario: A user are on Agapito Software Testing page" time="0"/>
  <testcase name="When The user click on button &quot;btn-save&quot; to save" classname="Scenario: A user are on Agapito Software Testing page" time="0"/>
  <testcase name="When The user click on button &quot;btn-save&quot; to save" classname="Scenario: A user are on Agapito Software Testing page" time="0"/>
  <testcase name="Then The user should see the message &quot;Processo foi criado com sucesso.&quot;" classname="Scenario: A user are on Agapito Software Testing page" time="0"/>
  <testcase name="Given GET - A user want to see a item details" classname="Scenario: A user are on Agapito Software Testing page" time="0"/>
  <testcase name="When The user click on button Mostrar of list with id &quot;6&quot;" classname="Scenario: A user are on Agapito Software Testing page" time="0"/>
  <testcase name="Then The user should see the details os process" classname="Scenario: A user are on Agapito Software Testing page" time="0"/>
  <testcase name="Given PUT - A user want to update a item" classname="Scenario: A user are on Agapito Software Testing page" time="0"/>
  <testcase name="And The user click on button Editar of item with id &quot;461&quot;" classname="Scenario: A user are on Agapito Software Testing page" time="0.001"/>
  <testcase name="And The user click on field &quot;processo_vara&quot; and set value &quot;50&quot;" classname="Scenario: A user are on Agapito Software Testing page" time="0"/>
  <testcase name="And The user click on field &quot;processo_numero_processo&quot; and set value &quot;5050&quot;" classname="Scenario: A user are on Agapito Software Testing page" time="0"/>
  <testcase name="And The user click on field &quot;processo_natureza&quot; and set value &quot;Guardar&quot;" classname="Scenario: A user are on Agapito Software Testing page" time="0"/>
  <testcase name="Then The user should see the message &quot;Processo atualizado com sucesso.&quot;" classname="Scenario: A user are on Agapito Software Testing page" time="0"/>
  <testcase name="Given DELETE - A user want to delete a item" classname="Scenario: A user are on Agapito Software Testing page" time="0"/>
  <testcase name="When user press button Apagar of item with id &quot;338&quot;" classname="Scenario: A user are on Agapito Software Testing page" time="0"/>
  <testcase name="Then The item with id &quot;338&quot; should not exist" classname="Scenario: A user are on Agapito Software Testing page" time="0"/>
  <testcase name="Scenario: A user are on Agapito Software Testing page" classname="Scenario: A user are on Agapito Software Testing page" time="0.001"/>
</testsuite>